<?xml version="1.0" encoding="UTF-8"?>
<!-- Generated by org.testng.reporters.JUnitReportReporter -->
<testsuite hostname="RAVI" failures="0" tests="2" name="TestNG.Video_145" time="0.016" errors="0" timestamp="2020-10-04T13:18:59 IST" skipped="0">
  <testcase classname="TestNG.Video_145" name="SecondTest" time="0.002"/>
  <system-out/>
  <testcase classname="TestNG.Video_145" name="Demo" time="0.014"/>
  <system-out/>
</testsuite> <!-- TestNG.Video_145 -->
