<?xml version="1.0" encoding="UTF-8"?>
<!-- Generated by org.testng.reporters.JUnitReportReporter -->
<testsuite hostname="RAVI" failures="0" tests="5" name="TestNG.XML_file" time="0.011" errors="0" timestamp="2020-10-04T13:18:59 IST" skipped="1">
  <testcase classname="TestNG.XML_file" name="SecondTest" time="0.004"/>
  <system-out/>
  <testcase classname="TestNG.XML_file" name="Demo1" time="0.003"/>
  <system-out/>
  <testcase classname="TestNG.XML_file" name="example" time="0.002"/>
  <system-out/>
  <testcase classname="TestNG.XML_file" name="Begin" time="0.002"/>
  <system-out/>
  <testcase classname="TestNG.XML_file" name="issue">
    <skipped/>
  </testcase> <!-- issue -->
  <system-out/>
</testsuite> <!-- TestNG.XML_file -->
