<?xml version="1.0" encoding="UTF-8"?>
<!-- Generated by org.testng.reporters.JUnitReportReporter -->
<testsuite hostname="RAVI" failures="0" tests="1" name="TestNG.Home_loan" time="0.001" errors="0" timestamp="2020-10-04T13:18:59 IST" skipped="0">
  <testcase classname="TestNG.Home_loan" name="MobileLoginHomeLoan" time="0.001"/>
  <system-out/>
</testsuite> <!-- TestNG.Home_loan -->
