<?xml version="1.0" encoding="UTF-8"?>
<!-- Generated by org.testng.reporters.JUnitReportReporter -->
<testsuite hostname="RAVI" failures="0" tests="2" name="TestNG.Car_loan" time="0.013" errors="0" timestamp="2020-10-04T13:18:59 IST" skipped="0">
  <testcase classname="TestNG.Car_loan" name="WebLoginCarLoan" time="0.009"/>
  <system-out/>
  <testcase classname="TestNG.Car_loan" name="ApiLoginCarLoan" time="0.004"/>
  <system-out/>
</testsuite> <!-- TestNG.Car_loan -->
