<?xml version="1.0" encoding="UTF-8"?>
<!-- Generated by org.testng.reporters.JUnitReportReporter -->
<testsuite hostname="RAVI" failures="0" tests="3" name="TestNG.DataProvider" time="0.021" errors="0" timestamp="2020-09-27T23:08:42 IST" skipped="0">
  <testcase classname="TestNG.DataProvider" name="DataP" time="0.003"/>
  <system-out/>
  <testcase classname="TestNG.DataProvider" name="DataP" time="0.013"/>
  <system-out/>
  <testcase classname="TestNG.DataProvider" name="DataP" time="0.005"/>
  <system-out/>
</testsuite> <!-- TestNG.DataProvider -->
